<?xml version="1.0" encoding="UTF-8"?>
<!-- Generated by org.testng.reporters.JUnitXMLReporter -->
<testsuite ignored="15" hostname="USE2DEVP4560" failures="0" tests="1" name="Default test" time="272.438" errors="0" timestamp="2023-05-18T05:26:55 GMT">
  <testcase classname="fasSikuli.sikuliTest.FAS" name="FasIncomeTestcaseATsaleTransaction" time="223.224"/>
  <testcase classname="fasSikuli.sikuliTest.FAS" name="FasIncomeTestcaseLTBrowser" time="0.0">
    <ignored/>
  </testcase> <!-- FasIncomeTestcaseLTBrowser -->
  <testcase classname="fasSikuli.sikuliTest.FAS" name="FASAddingaIncurredLiabilitythroughtoolbar" time="0.0">
    <ignored/>
  </testcase> <!-- FASAddingaIncurredLiabilitythroughtoolbar -->
  <testcase classname="fasSikuli.sikuliTest.FAS" name="FASAddingAReturnOfPrincipalThroughToolbar" time="0.0">
    <ignored/>
  </testcase> <!-- FASAddingAReturnOfPrincipalThroughToolbar -->
  <testcase classname="fasSikuli.sikuliTest.FAS" name="ToValidateTheFunctionalityOfSaveContInAddAssetInATBrowser" time="0.0">
    <ignored/>
  </testcase> <!-- ToValidateTheFunctionalityOfSaveContInAddAssetInATBrowser -->
  <testcase classname="fasSikuli.sikuliTest.FAS" name="FASAddingAStockSplitThroughToolbar" time="0.0">
    <ignored/>
  </testcase> <!-- FASAddingAStockSplitThroughToolbar -->
  <testcase classname="fasSikuli.sikuliTest.FAS" name="FASInWBrowser" time="0.0">
    <ignored/>
  </testcase> <!-- FASInWBrowser -->
  <testcase classname="fasSikuli.sikuliTest.FAS" name="FASAddingACapitalGainDistributionThroughToolbar" time="0.0">
    <ignored/>
  </testcase> <!-- FASAddingACapitalGainDistributionThroughToolbar -->
  <testcase classname="fasSikuli.sikuliTest.FAS" name="AAFASAddingASpinOffThroughToolbar" time="0.0">
    <ignored/>
  </testcase> <!-- AAFASAddingASpinOffThroughToolbar -->
  <testcase classname="fasSikuli.sikuliTest.FAS" name="zasIncomeTestcaseCloseClientAndExitApplication" time="0.0">
    <ignored/>
  </testcase> <!-- zasIncomeTestcaseCloseClientAndExitApplication -->
  <testcase classname="fasSikuli.sikuliTest.FAS" name="FasIncomeTestcaseBDBrowser" time="0.0">
    <ignored/>
  </testcase> <!-- FasIncomeTestcaseBDBrowser -->
  <testcase classname="fasSikuli.sikuliTest.FAS" name="FASAddingAnExpensesInCEBrowser" time="0.0">
    <ignored/>
  </testcase> <!-- FASAddingAnExpensesInCEBrowser -->
  <testcase classname="fasSikuli.sikuliTest.FAS" name="AddAdjustmenttoInventoryGainLossthroughtoolbars" time="0.0">
    <ignored/>
  </testcase> <!-- AddAdjustmenttoInventoryGainLossthroughtoolbars -->
  <testcase classname="fasSikuli.sikuliTest.FAS" name="FASAddingAnAssetPurchaseThroughToolbar" time="0.0">
    <ignored/>
  </testcase> <!-- FASAddingAnAssetPurchaseThroughToolbar -->
  <testcase classname="fasSikuli.sikuliTest.FAS" name="FasIncomeTestcasess" time="0.0">
    <ignored/>
  </testcase> <!-- FasIncomeTestcasess -->
  <testcase classname="fasSikuli.sikuliTest.FAS" name="FASAddingAnAssetThroughToolbar" time="0.0">
    <ignored/>
  </testcase> <!-- FASAddingAnAssetThroughToolbar -->
</testsuite> <!-- Default test -->
