<?xml version="1.0" encoding="UTF-8"?>
<!-- Generated by org.testng.reporters.JUnitXMLReporter -->
<testsuite ignored="0" hostname="USE2DEVP5065" failures="0" tests="11" name="Default test" time="25.125" errors="0" timestamp="2023-05-17T11:05:18 GMT">
  <testcase classname="com.fas.pages.BaseTest" name="@BeforeClass setup" time="24.552">
    <failure type="java.lang.NullPointerException" message="Cannot invoke &amp;quot;com.relevantcodes.extentreports.ExtentTest.log(com.relevantcodes.extentreports.LogStatus, String)&amp;quot; because &amp;quot;com.fas.pages.BasePage.test&amp;quot; is null">
      <![CDATA[java.lang.NullPointerException: Cannot invoke "com.relevantcodes.extentreports.ExtentTest.log(com.relevantcodes.extentreports.LogStatus, String)" because "com.fas.pages.BasePage.test" is null
at com.fas.pages.BasePage.SendKeysById(BasePage.java:87)
at com.fas.pages.BaseTest.setup(BaseTest.java:114)
at java.base/jdk.internal.reflect.NativeMethodAccessorImpl.invoke0(Native Method)
at java.base/jdk.internal.reflect.NativeMethodAccessorImpl.invoke(NativeMethodAccessorImpl.java:78)
at java.base/jdk.internal.reflect.DelegatingMethodAccessorImpl.invoke(DelegatingMethodAccessorImpl.java:43)
at java.base/java.lang.reflect.Method.invoke(Method.java:567)
at org.testng.internal.MethodInvocationHelper.invokeMethod(MethodInvocationHelper.java:133)
at org.testng.internal.MethodInvocationHelper.invokeMethodConsideringTimeout(MethodInvocationHelper.java:62)
at org.testng.internal.ConfigInvoker.invokeConfigurationMethod(ConfigInvoker.java:385)
at org.testng.internal.ConfigInvoker.invokeConfigurations(ConfigInvoker.java:321)
at org.testng.internal.TestMethodWorker.invokeBeforeClassMethods(TestMethodWorker.java:176)
at org.testng.internal.TestMethodWorker.run(TestMethodWorker.java:122)
at java.base/java.util.ArrayList.forEach(ArrayList.java:1511)
at org.testng.TestRunner.privateRun(TestRunner.java:794)
at org.testng.TestRunner.run(TestRunner.java:596)
at org.testng.SuiteRunner.runTest(SuiteRunner.java:377)
at org.testng.SuiteRunner.runSequentially(SuiteRunner.java:371)
at org.testng.SuiteRunner.privateRun(SuiteRunner.java:332)
at org.testng.SuiteRunner.run(SuiteRunner.java:276)
at org.testng.SuiteRunnerWorker.runSuite(SuiteRunnerWorker.java:53)
at org.testng.SuiteRunnerWorker.run(SuiteRunnerWorker.java:96)
at org.testng.TestNG.runSuitesSequentially(TestNG.java:1212)
at org.testng.TestNG.runSuitesLocally(TestNG.java:1134)
at org.testng.TestNG.runSuites(TestNG.java:1063)
at org.testng.TestNG.run(TestNG.java:1031)
at org.testng.remote.AbstractRemoteTestNG.run(AbstractRemoteTestNG.java:115)
at org.testng.remote.RemoteTestNG.initAndRun(RemoteTestNG.java:251)
at org.testng.remote.RemoteTestNG.main(RemoteTestNG.java:77)
]]>
    </failure>
  </testcase> <!-- @BeforeClass setup -->
  <testcase classname="fasSikuli.sikuliTest.FAS" name="@AfterMethod extentSetUp" time="-1.684321518455E9">
    <skipped/>
  </testcase> <!-- @AfterMethod extentSetUp -->
  <testcase classname="fasSikuli.sikuliTest.FAS" name="@AfterMethod extentSetUp" time="-1.684321518468E9">
    <skipped/>
  </testcase> <!-- @AfterMethod extentSetUp -->
  <testcase classname="fasSikuli.sikuliTest.FAS" name="@AfterMethod extentSetUp" time="-1.684321518476E9">
    <skipped/>
  </testcase> <!-- @AfterMethod extentSetUp -->
  <testcase classname="fasSikuli.sikuliTest.FAS" name="@AfterMethod extentSetUp" time="-1.684321518491E9">
    <skipped/>
  </testcase> <!-- @AfterMethod extentSetUp -->
  <testcase classname="fasSikuli.sikuliTest.FAS" name="@AfterMethod extentSetUp" time="-1.684321518515E9">
    <skipped/>
  </testcase> <!-- @AfterMethod extentSetUp -->
  <testcase classname="fasSikuli.sikuliTest.FAS" name="@AfterMethod extentSetUp" time="-1.684321518519E9">
    <skipped/>
  </testcase> <!-- @AfterMethod extentSetUp -->
  <testcase classname="fasSikuli.sikuliTest.FAS" name="@AfterMethod extentSetUp" time="-1.684321518526E9">
    <skipped/>
  </testcase> <!-- @AfterMethod extentSetUp -->
  <testcase classname="fasSikuli.sikuliTest.FAS" name="@AfterMethod extentSetUp" time="-1.684321518575E9">
    <skipped/>
  </testcase> <!-- @AfterMethod extentSetUp -->
  <testcase classname="fasSikuli.sikuliTest.FAS" name="@AfterMethod extentSetUp" time="-1.684321518583E9">
    <skipped/>
  </testcase> <!-- @AfterMethod extentSetUp -->
  <testcase classname="fasSikuli.sikuliTest.FAS" name="@AfterMethod extentSetUp" time="-1.6843215186E9">
    <skipped/>
  </testcase> <!-- @AfterMethod extentSetUp -->
  <testcase classname="fasSikuli.sikuliTest.FAS" name="@AfterMethod extentSetUp" time="-1.684321518617E9">
    <skipped/>
  </testcase> <!-- @AfterMethod extentSetUp -->
  <testcase classname="fasSikuli.sikuliTest.FAS" name="AddAdjustmenttoInventoryGainLossthroughtoolbars" time="0.0">
    <skipped/>
  </testcase> <!-- AddAdjustmenttoInventoryGainLossthroughtoolbars -->
  <testcase classname="fasSikuli.sikuliTest.FAS" name="FASAddingAnAssetThroughToolbar" time="0.0">
    <skipped/>
  </testcase> <!-- FASAddingAnAssetThroughToolbar -->
  <testcase classname="fasSikuli.sikuliTest.FAS" name="FASAddingAnExpensesInCEBrowser" time="0.0">
    <skipped/>
  </testcase> <!-- FASAddingAnExpensesInCEBrowser -->
  <testcase classname="fasSikuli.sikuliTest.FAS" name="FASAddingaIncurredLiabilitythroughtoolbar" time="0.0">
    <skipped/>
  </testcase> <!-- FASAddingaIncurredLiabilitythroughtoolbar -->
  <testcase classname="fasSikuli.sikuliTest.FAS" name="FASInWBrowser" time="0.0">
    <skipped/>
  </testcase> <!-- FASInWBrowser -->
  <testcase classname="fasSikuli.sikuliTest.FAS" name="FasIncomeTestcaseATsaleTransaction" time="0.0">
    <skipped/>
  </testcase> <!-- FasIncomeTestcaseATsaleTransaction -->
  <testcase classname="fasSikuli.sikuliTest.FAS" name="FasIncomeTestcaseBDBrowser" time="0.0">
    <skipped/>
  </testcase> <!-- FasIncomeTestcaseBDBrowser -->
  <testcase classname="fasSikuli.sikuliTest.FAS" name="FasIncomeTestcaseLTBrowser" time="0.0">
    <skipped/>
  </testcase> <!-- FasIncomeTestcaseLTBrowser -->
  <testcase classname="fasSikuli.sikuliTest.FAS" name="FasIncomeTestcasess" time="0.0">
    <skipped/>
  </testcase> <!-- FasIncomeTestcasess -->
  <testcase classname="fasSikuli.sikuliTest.FAS" name="ToValidateTheFunctionalityOfSaveContInAddAssetInATBrowser" time="0.0">
    <skipped/>
  </testcase> <!-- ToValidateTheFunctionalityOfSaveContInAddAssetInATBrowser -->
  <testcase classname="fasSikuli.sikuliTest.FAS" name="zasIncomeTestcaseCloseClientAndExitApplication" time="0.0">
    <skipped/>
  </testcase> <!-- zasIncomeTestcaseCloseClientAndExitApplication -->
</testsuite> <!-- Default test -->
