<?xml version="1.0" encoding="UTF-8"?>
<testng-results ignored="0" total="2" passed="2" failed="0" skipped="0">
  <reporter-output>
  </reporter-output>
  <suite started-at="2023-05-15T06:18:36 GMT" name="ZCLAC" finished-at="2023-05-15T06:24:24 GMT" duration-ms="348132">
    <groups>
    </groups>
    <test started-at="2023-05-15T06:18:36 GMT" name="FAS bulk date 3rd Jan" finished-at="2023-05-15T06:24:24 GMT" duration-ms="348132">
      <class name="fasSikuli.sikuliTest.FASDEMO">
        <test-method is-config="true" signature="DelOldReport()[pri:0, instance:fasSikuli.sikuliTest.FASDEMO@209da20d]" started-at="2023-05-15T06:18:36 GMT" name="DelOldReport" finished-at="2023-05-15T06:18:36 GMT" duration-ms="11" status="PASS">
          <reporter-output>
          </reporter-output>
        </test-method> <!-- DelOldReport -->
        <test-method is-config="true" signature="setUp()[pri:0, instance:fasSikuli.sikuliTest.FASDEMO@209da20d]" started-at="2023-05-15T06:18:36 GMT" name="setUp" finished-at="2023-05-15T06:18:36 GMT" duration-ms="316" status="PASS">
          <reporter-output>
          </reporter-output>
        </test-method> <!-- setUp -->
        <test-method is-config="true" signature="setup(java.lang.String)[pri:0, instance:fasSikuli.sikuliTest.FASDEMO@209da20d]" started-at="2023-05-15T06:18:36 GMT" name="setup" finished-at="2023-05-15T06:19:13 GMT" duration-ms="36744" status="PASS">
          <params>
            <param index="0">
              <value>
                <![CDATA[local]]>
              </value>
            </param>
          </params>
          <reporter-output>
          </reporter-output>
        </test-method> <!-- setup -->
        <test-method signature="FasIncomeTestcasess()[pri:0, instance:fasSikuli.sikuliTest.FASDEMO@209da20d]" started-at="2023-05-15T06:19:13 GMT" name="FasIncomeTestcasess" description="FasIncomeTestcase A/I Browser" finished-at="2023-05-15T06:21:26 GMT" duration-ms="133605" status="PASS">
          <reporter-output>
          </reporter-output>
        </test-method> <!-- FasIncomeTestcasess -->
        <test-method is-config="true" signature="extentSetUp()[pri:0, instance:fasSikuli.sikuliTest.FASDEMO@209da20d]" started-at="2023-05-15T06:21:26 GMT" name="extentSetUp" finished-at="2023-05-15T06:21:27 GMT" duration-ms="294" status="PASS">
          <reporter-output>
          </reporter-output>
        </test-method> <!-- extentSetUp -->
        <test-method signature="FASAddingAnAssetThroughToolbar()[pri:0, instance:fasSikuli.sikuliTest.FASDEMO@209da20d]" started-at="2023-05-15T06:21:27 GMT" name="FASAddingAnAssetThroughToolbar" description="FAS-Adding an Asset through toolbar." finished-at="2023-05-15T06:24:24 GMT" duration-ms="177073" status="PASS">
          <reporter-output>
          </reporter-output>
        </test-method> <!-- FASAddingAnAssetThroughToolbar -->
        <test-method is-config="true" signature="extentSetUp()[pri:0, instance:fasSikuli.sikuliTest.FASDEMO@209da20d]" started-at="2023-05-15T06:24:24 GMT" name="extentSetUp" finished-at="2023-05-15T06:24:24 GMT" duration-ms="51" status="PASS">
          <reporter-output>
          </reporter-output>
        </test-method> <!-- extentSetUp -->
      </class> <!-- fasSikuli.sikuliTest.FASDEMO -->
    </test> <!-- FAS bulk date 3rd Jan -->
  </suite> <!-- ZCLAC -->
</testng-results>
