<?xml version="1.0" encoding="UTF-8"?>
<!-- Generated by org.testng.reporters.JUnitXMLReporter -->
<testsuite ignored="0" hostname="USE2DEVP4560" failures="0" tests="2" name="FAS bulk date 3rd Jan" time="359.804" errors="0" timestamp="2023-05-18T05:54:22 GMT">
  <testcase classname="fasSikuli.sikuliTest.FASDEMO" name="FasIncomeTestcasess" time="139.615"/>
  <testcase classname="fasSikuli.sikuliTest.FASDEMO" name="FASAddingAnAssetThroughToolbar" time="173.169"/>
</testsuite> <!-- FAS bulk date 3rd Jan -->
