<?xml version="1.0" encoding="UTF-8"?>
<!-- Generated by org.testng.reporters.JUnitXMLReporter -->
<testsuite ignored="7" hostname="USE2DEVP4560" failures="1" tests="110" name="Zcalc bulk date 3rd Jan" time="9941.126" errors="0" timestamp="2023-04-05T16:57:21 GMT">
  <testcase classname="zCalcSikuli.sikuliTest.Zclac" name="ValidateNewCaseFromTheMenuVerifyAvailability" time="7.735"/>
  <testcase classname="zCalcSikuli.sikuliTest.Zclac" name="ValidateNewCaseFromTheToolBarVerifyAvailability" time="4.222"/>
  <testcase classname="zCalcSikuli.sikuliTest.Zclac" name="VerifyFileMenuItemsAfterClientOpen" time="15.847"/>
  <testcase classname="zCalcSikuli.sikuliTest.Zclac" name="VerifyViewMenuItemsAfterClientOpen" time="15.476"/>
  <testcase classname="zCalcSikuli.sikuliTest.Zclac" name="VerifyToolsMenuItemsAfterClientOpen" time="18.585"/>
  <testcase classname="zCalcSikuli.sikuliTest.Zclac" name="ValidateNewClientCreationfromMenus" time="67.006"/>
  <testcase classname="zCalcSikuli.sikuliTest.Zclac" name="ValidateNewClientCreationfromToolBar" time="77.873"/>
  <testcase classname="zCalcSikuli.sikuliTest.Zclac" name="ValidateSaveclientAsfromthemenu" time="59.4"/>
  <testcase classname="zCalcSikuli.sikuliTest.Zclac" name="NavigationtotheLastPlannerfromViewMenu" time="49.323"/>
  <testcase classname="zCalcSikuli.sikuliTest.Zclac" name="ToolBar1HomePagenaviation" time="22.74"/>
  <testcase classname="zCalcSikuli.sikuliTest.Zclac" name="CaseListfromthemenu" time="128.79"/>
  <testcase classname="zCalcSikuli.sikuliTest.Zclac" name="VerifyToolsmenuitemafteraplannercalculatorisopen" time="34.118"/>
  <testcase classname="zCalcSikuli.sikuliTest.Zclac" name="ValidateViewMenuHomePageNavigation" time="22.483"/>
  <testcase classname="zCalcSikuli.sikuliTest.Zclac" name="VerifyViewMenuItemsAfterAPlannerCalculatorIsOpen" time="27.921"/>
  <testcase classname="zCalcSikuli.sikuliTest.Zclac" name="VerifyFileMenuItemsAfterAPlannerCalculatorIsOpen" time="33.109"/>
  <testcase classname="zCalcSikuli.sikuliTest.Zclac" name="VerifyToolBarItemsAfterAPlannerCalculatorIsOpen" time="30.8"/>
  <testcase classname="zCalcSikuli.sikuliTest.Zclac" name="PrintPreviewFromTheToolbar" time="44.207"/>
  <testcase classname="zCalcSikuli.sikuliTest.Zclac" name="SaveClientCaseFromTheToolBar" time="78.188"/>
  <testcase classname="zCalcSikuli.sikuliTest.Zclac" name="SaveClientCaseFromTheMenu" time="76.638"/>
  <testcase classname="zCalcSikuli.sikuliTest.Zclac" name="NewCaseFromTheToolBar" time="31.587"/>
  <testcase classname="zCalcSikuli.sikuliTest.Zclac" name="ValidateOpentheexistingclientfromMenu" time="3.022"/>
  <testcase classname="zCalcSikuli.sikuliTest.Zclac" name="ValidateSaveCaseAsfromthemenu" time="149.255"/>
  <testcase classname="zCalcSikuli.sikuliTest.Zclac" name="ValidateSaveCaseAsfromthemenus" time="47.172"/>
  <testcase classname="zCalcSikuli.sikuliTest.Zclac" name="ValidateOpenCasefromtheMenu" time="49.776"/>
  <testcase classname="zCalcSikuli.sikuliTest.Zclac" name="VerifyHelpmenuitemsafterclientopenandApplicationUnRegistered" time="10.601"/>
  <testcase classname="zCalcSikuli.sikuliTest.Zclac" name="VerifytoolBaritemsafterclientopen" time="10.748"/>
  <testcase classname="zCalcSikuli.sikuliTest.Zclac" name="NewCaseFromTheMenu" time="42.81"/>
  <testcase classname="zCalcSikuli.sikuliTest.Zclac" name="NavigationtotheLastPlannerfromToolBar" time="46.883"/>
  <testcase classname="zCalcSikuli.sikuliTest.Zclac" name="NavigationtotheInputsfromMenu" time="36.973"/>
  <testcase classname="zCalcSikuli.sikuliTest.Zclac" name="NavigationtotheInputsfromToolBar" time="39.299"/>
  <testcase classname="zCalcSikuli.sikuliTest.Zclac" name="NavigationtotheNextPageusingForwardbuttononToolbar" time="40.553"/>
  <testcase classname="zCalcSikuli.sikuliTest.Zclac" name="NavigationtothenextpagefromMenu" time="43.683"/>
  <testcase classname="zCalcSikuli.sikuliTest.Zclac" name="NavigationtotheNextPageusingBackwardbuttononToolbar" time="36.652"/>
  <testcase classname="zCalcSikuli.sikuliTest.Zclac" name="HelpFilelaunchfromMenu" time="26.622"/>
  <testcase classname="zCalcSikuli.sikuliTest.Zclac" name="HelpFilelaunchfromToolBar1Button" time="26.538"/>
  <testcase classname="zCalcSikuli.sikuliTest.Zclac" name="NavigationtothenextpagefromMenuLinkedPresentation" time="43.95"/>
  <testcase classname="zCalcSikuli.sikuliTest.Zclac" name="NavigationToTheNextPagefromMenu" time="31.938"/>
  <testcase classname="zCalcSikuli.sikuliTest.Zclac" name="ZoomDialogUsingMenuOption" time="45.036"/>
  <testcase classname="zCalcSikuli.sikuliTest.Zclac" name="ZoomDialogThroughToolBar" time="33.016"/>
  <testcase classname="zCalcSikuli.sikuliTest.Zclac" name="ZoomDialogOptionsverify" time="50.755"/>
  <testcase classname="zCalcSikuli.sikuliTest.Zclac" name="AboutzCalcToolBox" time="8.262"/>
  <testcase classname="zCalcSikuli.sikuliTest.Zclac" name="RunThePresentaions" time="48.255"/>
  <testcase classname="zCalcSikuli.sikuliTest.Zclac" name="VerifyingAllTheListedPlanners" time="56.226"/>
  <testcase classname="zCalcSikuli.sikuliTest.Zclac" name="VerifyingQualifiedPlansAndIRAsListedPresentationsLists" time="26.038"/>
  <testcase classname="zCalcSikuli.sikuliTest.Zclac" name="VerifyingTheAvailableTabsInTheUserSettings" time="21.436"/>
  <testcase classname="zCalcSikuli.sikuliTest.Zclac" name="VerifyingAllTheListedPresentationsLists" time="50.664"/>
  <testcase classname="zCalcSikuli.sikuliTest.Zclac" name="VerifyingAlllistedPlannerslist" time="47.875"/>
  <testcase classname="zCalcSikuli.sikuliTest.Zclac" name="VerifyingAllthelistedPlanners" time="50.641"/>
  <testcase classname="zCalcSikuli.sikuliTest.Zclac" name="VerifyingthedefaultpathsinGeneraltabofUserSettingsdialog" time="16.281"/>
  <testcase classname="zCalcSikuli.sikuliTest.Zclac" name="UpdatingthedefaultpathsinGeneraltabofUserSettingsdialog" time="39.862"/>
  <testcase classname="zCalcSikuli.sikuliTest.Zclac" name="VerifyingCharitablePlanningthelistedPresentationsLists" time="53.649"/>
  <testcase classname="zCalcSikuli.sikuliTest.Zclac" name="VerifyingEstatePlanningPresentationsLists" time="49.362"/>
  <testcase classname="zCalcSikuli.sikuliTest.Zclac" name="UpdatingthedefaultPresentationsvaluesofUserSettingsdialog" time="62.862"/>
  <testcase classname="zCalcSikuli.sikuliTest.Zclac" name="VerifyingthedefaultPresentationsvalueofUserSettingsdialog" time="18.737"/>
  <testcase classname="zCalcSikuli.sikuliTest.Zclac" name="UpdatingTheDefaultHeadersFootersValuesOfUserSettingsDialog" time="27.463"/>
  <testcase classname="zCalcSikuli.sikuliTest.Zclac" name="VerifyingTheDefaultHeadersFootersValuuesOfUserSettingsDialog" time="16.128"/>
  <testcase classname="zCalcSikuli.sikuliTest.Zclac" name="VerifyingthedefaultExportsettings" time="27.941"/>
  <testcase classname="zCalcSikuli.sikuliTest.Zclac" name="VerifyingtheExportallpagessettings" time="36.805"/>
  <testcase classname="zCalcSikuli.sikuliTest.Zclac" name="VerifyingtheCustomizeoptioninExportsettings" time="42.287"/>
  <testcase classname="zCalcSikuli.sikuliTest.Zclac" name="VerifyInputsItemsAfterClientOpen" time="15.751"/>
  <testcase classname="zCalcSikuli.sikuliTest.Zclac" name="VerifyingTheHeadersFootersValuesOfUserSettingsDialog" time="67.038"/>
  <testcase classname="zCalcSikuli.sikuliTest.Zclac" name="VerifyingTheCustomizeCategoryOptionInExportSettings" time="80.854"/>
  <testcase classname="zCalcSikuli.sikuliTest.Zclac" name="VerifyingTheCustomizeAvailablePagesBasedOnCatergoryOptionInExportSettings" time="91.462"/>
  <testcase classname="zCalcSikuli.sikuliTest.Zclac" name="ValidateOpentheexistingclientfromToolBar" time="15.555"/>
  <testcase classname="zCalcSikuli.sikuliTest.Zclac" name="ValidateOpenCasefromtheToolbarbutton" time="45.872"/>
  <testcase classname="zCalcSikuli.sikuliTest.Zclac" name="VerifyingChartiablePlanningListedPlanners" time="38.996"/>
  <testcase classname="zCalcSikuli.sikuliTest.Zclac" name="VerifyingTheCustomizeAddAllPagesBasedOnCategoryOptionInExportSettings" time="103.36"/>
  <testcase classname="zCalcSikuli.sikuliTest.Zclac" name="VerifyingTheCustomizeAddTheSelectedPageBasedOnCategoryOptionInExportSettings" time="94.478"/>
  <testcase classname="zCalcSikuli.sikuliTest.Zclac" name="VerifyingtheCustomizeRemoveAllpagebasedonCategoryoptioninExportsettings" time="47.047"/>
  <testcase classname="zCalcSikuli.sikuliTest.Zclac" name="VerifyingTheCustomizeMoveDownTheSelectedPageToExportBasedOnCategoryOptionInExportSettings" time="104.291"/>
  <testcase classname="zCalcSikuli.sikuliTest.Zclac" name="VerifyingTheCustomizeSaveTheExportSETInExportsettings" time="130.441"/>
  <testcase classname="zCalcSikuli.sikuliTest.Zclac" name="VerifyingTheCustomizeCreateNEWExportSETInExportSettings" time="129.745"/>
  <testcase classname="zCalcSikuli.sikuliTest.Zclac" name="VerifyingTheCustomizeEDITExportSETInExportsettings" time="138.381"/>
  <testcase classname="zCalcSikuli.sikuliTest.Zclac" name="VerifyingTheCustomizeOpenTheExportSETInExportSettings" time="129.492"/>
  <testcase classname="zCalcSikuli.sikuliTest.Zclac" name="VerifyingTheCustomizeDeleteTheExportSETInExportsettings" time="120.859"/>
  <testcase classname="zCalcSikuli.sikuliTest.Zclac" name="VerifyingtheCustomizeRemoveselectedpagebasedonCategoryoptioninExportsettings" time="57.12"/>
  <testcase classname="zCalcSikuli.sikuliTest.Zclac" name="VerifyingtheCustomizeMoveUptheselectedpagetoexportbasedonCategoryoptioninExportsettings" time="56.933"/>
  <testcase classname="zCalcSikuli.sikuliTest.Zclac" name="VerifyingtheUnprotectSheet" time="55.35"/>
  <testcase classname="zCalcSikuli.sikuliTest.Zclac" name="ValidateCaseListfromtheToolBar" time="37.874"/>
  <testcase classname="zCalcSikuli.sikuliTest.Zclac" name="ExportingtheUpdatedsheetafterUnprotecting" time="105.708"/>
  <testcase classname="zCalcSikuli.sikuliTest.Zclac" name="ModifyingasProtectingthesheetafterupdatingthelabels" time="62.848"/>
  <testcase classname="zCalcSikuli.sikuliTest.Zclac" name="VerifyingtheSaveworkbookCancelchanges" time="71.08"/>
  <testcase classname="zCalcSikuli.sikuliTest.Zclac" name="VerifyingtheSaveworkbook" time="81.722"/>
  <testcase classname="zCalcSikuli.sikuliTest.Zclac" name="VerifyingThe7520RatesDailog" time="31.708"/>
  <testcase classname="zCalcSikuli.sikuliTest.Zclac" name="VerifyingTheApplicableExclusionAmountToUseInEstatePlanScenarioForCurrentYear2023AndAllStates" time="414.77"/>
  <testcase classname="zCalcSikuli.sikuliTest.Zclac" name="VerifyingTheApplicableExclusionAmountToUseInEstatePlanScenarioBasedOnSitusAndYears" time="416.825"/>
  <testcase classname="zCalcSikuli.sikuliTest.Zclac" name="VerifyingTheApplicableExclusionAmountInCreditShelterCalculatorForTheCurrentYear2023AndAllSitus" time="422.013"/>
  <testcase classname="zCalcSikuli.sikuliTest.Zclac" name="VerifyingtheApplicableExclusionAmountinIntermaritalDeductionCalculatorS" time="429.459"/>
  <testcase classname="zCalcSikuli.sikuliTest.Zclac" name="VerifyingTheApplicableExclusionAmountInEstateTaxCalculatorForCurrentYear2023AndAllSitus" time="423.793"/>
  <testcase classname="zCalcSikuli.sikuliTest.Zclac" name="VerifyingtheApplicableExclusionAmountinEstateTaxCalculatorForLastYearandAllsitus" time="424.203"/>
  <testcase classname="zCalcSikuli.sikuliTest.Zclac" name="VerifyingTheApplicableExclusionAmountInInterRelatedCharitableDeductionCalculatorForCurrentYear2023AndAllSitus" time="426.909"/>
  <testcase classname="zCalcSikuli.sikuliTest.Zclac" name="VerifyingtheApplicableExclusionAmountinInterRelatedCharitableDeductionCalculatorforLastYearandallSitus" time="428.404"/>
  <testcase classname="zCalcSikuli.sikuliTest.Zclac" name="VerifyingtheApplicableExclusionAmountinIntermaritalDeductionCalculatorforLastYearandAllSitus" time="425.896"/>
  <testcase classname="zCalcSikuli.sikuliTest.Zclac" name="VerifyingTheApplicableExclusionAmountInInterMaritalDeductionCalculatorForCurrentYear2023AndAllSitus" time="425.722"/>
  <testcase classname="zCalcSikuli.sikuliTest.Zclac" name="VerifyingtheSyncRatewithDateoptioninPrivateAnnuityplanner" time="42.472"/>
  <testcase classname="zCalcSikuli.sikuliTest.Zclac" name="VerifyingtheSyncRatewithDateoptioninQualifiedPersonalResidenceTrustplanner" time="42.471"/>
  <testcase classname="zCalcSikuli.sikuliTest.Zclac" name="VerifyingTheSyncRateWithDateOptionInSelfCancellingInstallmentNotePlanner" time="42.39"/>
  <testcase classname="zCalcSikuli.sikuliTest.Zclac" name="VerifyingTheSyncRateWithDateOptionInCharitableGiftAnnuityTrustPlanner" time="42.379"/>
  <testcase classname="zCalcSikuli.sikuliTest.Zclac" name="VerifyingtheSyncRatewithDateoptioninCharitableLeadAnnuityTrustplanner" time="42.435"/>
  <testcase classname="zCalcSikuli.sikuliTest.Zclac" name="VerifyingtheSyncRatewithDateoptioninCharitableLeadUnitTrustplanner" time="42.386"/>
  <testcase classname="zCalcSikuli.sikuliTest.Zclac" name="VerifyingTheDefaultValuesInGiftTaxPlanner" time="24.288"/>
  <testcase classname="zCalcSikuli.sikuliTest.Zclac" name="VerifyingtheSyncRatewithDateoptioninCharitableRemainderUnitrustplanner" time="47.277"/>
  <testcase classname="zCalcSikuli.sikuliTest.Zclac" name="VerifyingtheSyncRatewithDateoptioninCharitableRemainderAnnityTrustplanner" time="42.454"/>
  <testcase classname="zCalcSikuli.sikuliTest.Zclac" name="UnRegisterPreRequisiteApplicationunRegister" time="10.704"/>
  <testcase classname="zCalcSikuli.sikuliTest.Zclac" name="HelpApplicationNotes" time="24.888"/>
  <testcase classname="zCalcSikuli.sikuliTest.Zclac" name="PrintfromtheMenu" time="68.876"/>
  <testcase classname="zCalcSikuli.sikuliTest.Zclac" name="PrintfromtheToolBar" time="66.965"/>
  <testcase classname="zCalcSikuli.sikuliTest.Zclac" name="CheckForUpdatesfromMenuPrerequsiteApplicationtoregisters" time="17.295">
    <failure type="java.lang.Exception" message="FindFailed: C:\Z-CALC\Apr 3rd,2023\zCalc_Automation\src\test\resources\Images\Commonimages\minimize.PNG: (35x24) in R[0,0 1366x768]@S(0)
  Line 2222, in file Region.java
">
      <![CDATA[java.lang.Exception: FindFailed: C:\Z-CALC\Apr 3rd,2023\zCalc_Automation\src\test\resources\Images\Commonimages\minimize.PNG: (35x24) in R[0,0 1366x768]@S(0)
  Line 2222, in file Region.java

at zCalcSikuli.sikuliTest.Zclac.CheckForUpdatesfromMenuPrerequsiteApplicationtoregisters(Zclac.java:11958)
at java.base/java.util.ArrayList.forEach(ArrayList.java:1511)
Caused by: FindFailed: C:\Z-CALC\Apr 3rd,2023\zCalc_Automation\src\test\resources\Images\Commonimages\minimize.PNG: (35x24) in R[0,0 1366x768]@S(0)
  Line 2222, in file Region.java

at org.sikuli.script.Region.wait(Region.java:2222)
at org.sikuli.script.Region.wait(Region.java:2240)
at org.sikuli.script.Region.getLocationFromTarget(Region.java:3188)
at org.sikuli.script.Region.click(Region.java:3806)
at org.sikuli.script.Region.click(Region.java:3782)
at zCalcSikuli.sikuliTest.Zclac.CheckForUpdatesfromMenuPrerequsiteApplicationtoregisters(Zclac.java:11940)
... 28 more
... Removed 27 stack frames]]>
    </failure>
  </testcase> <!-- CheckForUpdatesfromMenuPrerequsiteApplicationtoregisters -->
  <testcase classname="zCalcSikuli.sikuliTest.Zclac" name="VerifyingtheAppendtoExistingFileinExportsettings" time="75.586"/>
  <testcase classname="zCalcSikuli.sikuliTest.Zclac" name="ZcalcExit" time="29.794"/>
  <testcase classname="zCalcSikuli.sikuliTest.Zclac" name="ValidateSaveclientAsfromtheToolBar" time="0.0">
    <ignored/>
  </testcase> <!-- ValidateSaveclientAsfromtheToolBar -->
  <testcase classname="zCalcSikuli.sikuliTest.Zclac" name="PrintingtheUnprotectedsheetafterupdatingthelabels" time="0.0">
    <ignored/>
  </testcase> <!-- PrintingtheUnprotectedsheetafterupdatingthelabels -->
  <testcase classname="zCalcSikuli.sikuliTest.Zclac" name="VerifyToolsmenuitemswithoutclientopen" time="0.0">
    <ignored/>
  </testcase> <!-- VerifyToolsmenuitemswithoutclientopen -->
  <testcase classname="zCalcSikuli.sikuliTest.Zclac" name="VerifytoolBaritemswithoutclientopen" time="0.0">
    <ignored/>
  </testcase> <!-- VerifytoolBaritemswithoutclientopen -->
  <testcase classname="zCalcSikuli.sikuliTest.Zclac" name="VerifyFileMenuItemsWithoutClientOpen" time="0.0">
    <ignored/>
  </testcase> <!-- VerifyFileMenuItemsWithoutClientOpen -->
  <testcase classname="zCalcSikuli.sikuliTest.Zclac" name="VerifyViewMenuItemsWithoutClientOpen" time="0.0">
    <ignored/>
  </testcase> <!-- VerifyViewMenuItemsWithoutClientOpen -->
  <testcase classname="zCalcSikuli.sikuliTest.Zclac" name="VerifyHelpmenuitemswithoutclientopen" time="0.0">
    <ignored/>
  </testcase> <!-- VerifyHelpmenuitemswithoutclientopen -->
</testsuite> <!-- Zcalc bulk date 3rd Jan -->
